
R version 3.3.3 (2017-03-06) -- "Another Canoe"
Copyright (C) 2017 The R Foundation for Statistical Computing
Platform: x86_64-mageia-linux-gnu (64-bit)

R is free software and comes with ABSOLUTELY NO WARRANTY.
You are welcome to redistribute it under certain conditions.
Type 'license()' or 'licence()' for distribution details.

  Natural language support but running in an English locale

R is a collaborative project with many contributors.
Type 'contributors()' for more information and
'citation()' on how to cite R or R packages in publications.

Type 'demo()' for some demos, 'help()' for on-line help, or
'help.start()' for an HTML browser interface to help.
Type 'q()' to quit R.

> rm(list=ls())
> load("HDIdata.rda")
> 
> y=array(NA,c(164,6,3)) 
> nams=HDIdata[1:164,2]
> 
> u=unique(HDIdata[,1])
> for(j in 1:6) {
+ for(h in 1:3) {
+ y[,j,h]=HDIdata[HDIdata[,1]==u[j],h+2]}}
> 
> source("codeKvariable.r")
Loading required package: Rcpp
Loading required package: mvtnorm
Loading required package: MASS
Loading required package: GSE
Loading required package: ggplot2
Note: no visible binding for global variable 'mclust' 
Note: no visible global function definition for 'Mclust' 
> 
> x=c(0,0.02,0.05,0.07,0.1,0.15,0.2,0.25,0.3,0.35,0.375,0.4,0.425,0.45,0.5)
> 
> set.seed(1234)
> rl0=rlm(y,0,4)
Package 'mclust' version 5.3
Type 'citation("mclust")' for citing this R package in publications.
> rl=list()
> l=length(x)
> rl[[1]]=rl0
> for(j in 2:l) {
+ rl[[j]]=rlm(y,x[j],4,inits=rl[[j-1]])}
> 
> liks=sapply(1:l,function(j) rl[[j]]$lik)
> crit=diff(liks)/(mean(liks)*diff(x))
> 
> pdf("scree2.pdf")
> plot(x,liks,type="l",xlab="lambda",ylab="pLik")
> dev.off()
null device 
          1 
> 
> save.image(file="rl2.rda")
> 
> proc.time()
    user   system  elapsed 
3012.171    1.711 3041.002 
